<?xml version="1.0" encoding="utf-8"?>
<!DOCTYPE mapper PUBLIC
"-//mybatis.org//DTD Mapper 3.0//EN"
"http://mybatis.org/dtd/mybatis-3-mapper.dtd">
<mapper namespace="testMapper">

	<select id="getCurrentDate" resultType="string">
        SELECT TO_CHAR(SYSDATE, 'YYYY-MM-DD HH24:MI:SS') FROM DUAL
    </select>

</mapper>